[league_scraper] Starting...
[league_scraper] Found 9 leagues

[Spain, Copa del Rey:] Processing...
  [parik24]
  [parik24] Found 1 matches
  [pinnacle]
  [pinnacle] Found 1 matches

[Italy. Serie A:] Processing...
  [parik24]
  [parik24] Found 20 matches
  [pinnacle]
  [pinnacle] Found 20 matches

[Bundesliga:] Processing...
  [parik24]
  [parik24] Found 18 matches
  [pinnacle]
  [pinnacle] Found 18 matches

[Germany Cup:] Processing...
  [parik24]
  [parik24] Found 2 matches
  [pinnacle]
  [pinnacle] Found 2 matches

[France Ligue 1:] Processing...
  [parik24]
  [parik24] Found 16 matches
  [pinnacle]
  [pinnacle] Found 16 matches

[World Cup Qualifiers Europe:] Processing...
  [parik24]
  [parik24] Found 4 matches
  [pinnacle]
  [pinnacle] Found 4 matches

[England FA Cup:] Processing...
  [parik24]
  [parik24] Found 4 matches
  [pinnacle]
  [pinnacle] Found 4 matches

[Spain LaLiga:] Processing...
  [parik24]
  [parik24] Found 20 matches
  [pinnacle]
  [pinnacle] Found 20 matches

[England Premier League:] Processing...
  [parik24]
  [parik24] Found 20 matches
  [pinnacle]
  [pinnacle] Found 20 matches
